<?xml version="1.0" encoding="UTF-8"?>
<testng-results ignored="0" total="1" passed="1" failed="0" skipped="0">
  <reporter-output>
  </reporter-output>
  <suite started-at="2020-01-09T20:11:05 CST" name="Suite" finished-at="2020-01-09T20:11:29 CST" duration-ms="23513">
    <groups>
    </groups>
    <test started-at="2020-01-09T20:11:05 CST" name="WebloadTestNGJenkins" finished-at="2020-01-09T20:11:29 CST" duration-ms="23513">
      <class name="webload.Login">
        <test-method is-config="true" signature="beforeTest()[pri:0, instance:webload.Login@2b6856dd]" started-at="2020-01-09T20:11:05 CST" name="beforeTest" finished-at="2020-01-09T20:11:20 CST" duration-ms="14601" status="PASS">
          <reporter-output>
          </reporter-output>
        </test-method> <!-- beforeTest -->
        <test-method signature="LoginPage()[pri:0, instance:webload.Login@2b6856dd]" started-at="2020-01-09T20:11:20 CST" name="LoginPage" finished-at="2020-01-09T20:11:27 CST" duration-ms="7279" status="PASS">
          <reporter-output>
          </reporter-output>
        </test-method> <!-- LoginPage -->
        <test-method is-config="true" signature="afterTest()[pri:0, instance:webload.Login@2b6856dd]" started-at="2020-01-09T20:11:27 CST" name="afterTest" finished-at="2020-01-09T20:11:29 CST" duration-ms="1601" status="PASS">
          <reporter-output>
          </reporter-output>
        </test-method> <!-- afterTest -->
      </class> <!-- webload.Login -->
    </test> <!-- WebloadTestNGJenkins -->
  </suite> <!-- Suite -->
</testng-results>
